{"/Users/bogdan/nodejs/bpopescu78.github.io/bp-components/src/components/bp-message-broker/bp-message-broker.tsx": {"path":"/Users/bogdan/nodejs/bpopescu78.github.io/bp-components/src/components/bp-message-broker/bp-message-broker.tsx","statementMap":{"0":{"start":{"line":1,"column":0},"end":{"line":1,"column":50}},"1":{"start":{"line":3,"column":30},"end":{"line":3,"column":42}},"2":{"start":{"line":4,"column":24},"end":{"line":4,"column":30}},"3":{"start":{"line":143,"column":10},"end":{"line":143,"column":null}},"4":{"start":{"line":144,"column":10},"end":{"line":147,"column":null}},"5":{"start":{"line":19,"column":4},"end":{"line":26,"column":null}},"6":{"start":{"line":20,"column":28},"end":{"line":20,"column":97}},"7":{"start":{"line":21,"column":6},"end":{"line":25,"column":null}},"8":{"start":{"line":34,"column":4},"end":{"line":42,"column":null}},"9":{"start":{"line":36,"column":6},"end":{"line":38,"column":null}},"10":{"start":{"line":37,"column":8},"end":{"line":37,"column":null}},"11":{"start":{"line":40,"column":6},"end":{"line":40,"column":null}},"12":{"start":{"line":40,"column":97},"end":{"line":40,"column":124}},"13":{"start":{"line":41,"column":6},"end":{"line":41,"column":null}},"14":{"start":{"line":54,"column":4},"end":{"line":91,"column":null}},"15":{"start":{"line":56,"column":6},"end":{"line":58,"column":null}},"16":{"start":{"line":57,"column":8},"end":{"line":57,"column":null}},"17":{"start":{"line":61,"column":6},"end":{"line":63,"column":null}},"18":{"start":{"line":62,"column":8},"end":{"line":62,"column":null}},"19":{"start":{"line":66,"column":6},"end":{"line":70,"column":null}},"20":{"start":{"line":67,"column":8},"end":{"line":67,"column":null}},"21":{"start":{"line":68,"column":13},"end":{"line":70,"column":null}},"22":{"start":{"line":69,"column":8},"end":{"line":69,"column":null}},"23":{"start":{"line":73,"column":6},"end":{"line":73,"column":null}},"24":{"start":{"line":76,"column":6},"end":{"line":84,"column":null}},"25":{"start":{"line":78,"column":8},"end":{"line":78,"column":null}},"26":{"start":{"line":81,"column":11},"end":{"line":84,"column":null}},"27":{"start":{"line":83,"column":8},"end":{"line":83,"column":null}},"28":{"start":{"line":86,"column":6},"end":{"line":90,"column":null}},"29":{"start":{"line":119,"column":4},"end":{"line":140,"column":null}},"30":{"start":{"line":121,"column":6},"end":{"line":121,"column":null}},"31":{"start":{"line":121,"column":38},"end":{"line":121,"column":68}},"32":{"start":{"line":124,"column":27},"end":{"line":124,"column":71}},"33":{"start":{"line":125,"column":26},"end":{"line":132,"column":8}},"34":{"start":{"line":126,"column":8},"end":{"line":131,"column":null}},"35":{"start":{"line":133,"column":6},"end":{"line":133,"column":null}},"36":{"start":{"line":136,"column":6},"end":{"line":136,"column":null}},"37":{"start":{"line":137,"column":6},"end":{"line":137,"column":null}},"38":{"start":{"line":139,"column":6},"end":{"line":139,"column":null}},"39":{"start":{"line":150,"column":4},"end":{"line":158,"column":null}},"40":{"start":{"line":162,"column":4},"end":{"line":182,"column":null}},"41":{"start":{"line":165,"column":6},"end":{"line":165,"column":null}},"42":{"start":{"line":168,"column":20},"end":{"line":168,"column":56}},"43":{"start":{"line":170,"column":6},"end":{"line":177,"column":null}},"44":{"start":{"line":172,"column":8},"end":{"line":172,"column":null}},"45":{"start":{"line":174,"column":8},"end":{"line":176,"column":null}},"46":{"start":{"line":175,"column":10},"end":{"line":175,"column":null}},"47":{"start":{"line":175,"column":74},"end":{"line":175,"column":104}},"48":{"start":{"line":179,"column":6},"end":{"line":179,"column":null}},"49":{"start":{"line":181,"column":6},"end":{"line":181,"column":null}},"50":{"start":{"line":187,"column":4},"end":{"line":187,"column":null}},"51":{"start":{"line":6,"column":0},"end":{"line":6,"column":null}}},"fnMap":{"0":{"name":"(anonymous_0)","decl":{"start":{"line":6,"column":0},"end":{"line":6,"column":null}},"loc":{"start":{"line":6,"column":0},"end":{"line":189,"column":null}}},"1":{"name":"(anonymous_1)","decl":{"start":{"line":18,"column":2},"end":{"line":18,"column":7}},"loc":{"start":{"line":18,"column":39},"end":{"line":27,"column":3}}},"2":{"name":"(anonymous_2)","decl":{"start":{"line":19,"column":23},"end":{"line":19,"column":24}},"loc":{"start":{"line":19,"column":35},"end":{"line":26,"column":5}}},"3":{"name":"(anonymous_3)","decl":{"start":{"line":33,"column":2},"end":{"line":33,"column":7}},"loc":{"start":{"line":33,"column":92},"end":{"line":43,"column":3}}},"4":{"name":"(anonymous_4)","decl":{"start":{"line":34,"column":23},"end":{"line":34,"column":24}},"loc":{"start":{"line":34,"column":43},"end":{"line":42,"column":5}}},"5":{"name":"(anonymous_5)","decl":{"start":{"line":40,"column":87},"end":{"line":40,"column":93}},"loc":{"start":{"line":40,"column":97},"end":{"line":40,"column":124}}},"6":{"name":"(anonymous_6)","decl":{"start":{"line":53,"column":2},"end":{"line":53,"column":7}},"loc":{"start":{"line":53,"column":125},"end":{"line":92,"column":3}}},"7":{"name":"(anonymous_7)","decl":{"start":{"line":54,"column":23},"end":{"line":54,"column":24}},"loc":{"start":{"line":54,"column":43},"end":{"line":91,"column":5}}},"8":{"name":"(anonymous_8)","decl":{"start":{"line":118,"column":2},"end":{"line":118,"column":7}},"loc":{"start":{"line":118,"column":54},"end":{"line":141,"column":3}}},"9":{"name":"(anonymous_9)","decl":{"start":{"line":119,"column":23},"end":{"line":119,"column":24}},"loc":{"start":{"line":119,"column":35},"end":{"line":140,"column":5}}},"10":{"name":"(anonymous_10)","decl":{"start":{"line":125,"column":43},"end":{"line":125,"column":44}},"loc":{"start":{"line":125,"column":52},"end":{"line":132,"column":7}}},"11":{"name":"(anonymous_11)","decl":{"start":{"line":149,"column":2},"end":{"line":149,"column":14}},"loc":{"start":{"line":149,"column":24},"end":{"line":159,"column":3}}},"12":{"name":"(anonymous_12)","decl":{"start":{"line":161,"column":2},"end":{"line":161,"column":19}},"loc":{"start":{"line":161,"column":29},"end":{"line":183,"column":3}}},"13":{"name":"(anonymous_13)","decl":{"start":{"line":175,"column":54},"end":{"line":175,"column":70}},"loc":{"start":{"line":175,"column":74},"end":{"line":175,"column":104}}},"14":{"name":"(anonymous_14)","decl":{"start":{"line":185,"column":2},"end":{"line":185,"column":8}},"loc":{"start":{"line":185,"column":8},"end":{"line":188,"column":3}}}},"branchMap":{"0":{"loc":{"start":{"line":20,"column":54},"end":{"line":20,"column":93}},"type":"cond-expr","locations":[{"start":{"line":20,"column":54},"end":{"line":20,"column":93}},{"start":{"line":20,"column":96},"end":{"line":20,"column":97}}]},"1":{"loc":{"start":{"line":23,"column":12},"end":{"line":23,"column":21}},"type":"cond-expr","locations":[{"start":{"line":23,"column":12},"end":{"line":23,"column":21}},{"start":{"line":24,"column":12},"end":{"line":24,"column":60}}]},"2":{"loc":{"start":{"line":22,"column":8},"end":{"line":22,"column":32}},"type":"binary-expr","locations":[{"start":{"line":22,"column":8},"end":{"line":22,"column":32}},{"start":{"line":22,"column":36},"end":{"line":22,"column":80}}]},"3":{"loc":{"start":{"line":36,"column":6},"end":{"line":38,"column":null}},"type":"if","locations":[{"start":{"line":36,"column":6},"end":{"line":38,"column":null}},{"start":{"line":36,"column":6},"end":{"line":38,"column":null}}]},"4":{"loc":{"start":{"line":53,"column":104},"end":{"line":53,"column":125}},"type":"default-arg","locations":[{"start":{"line":53,"column":104},"end":{"line":53,"column":125}}]},"5":{"loc":{"start":{"line":56,"column":6},"end":{"line":58,"column":null}},"type":"if","locations":[{"start":{"line":56,"column":6},"end":{"line":58,"column":null}},{"start":{"line":56,"column":6},"end":{"line":58,"column":null}}]},"6":{"loc":{"start":{"line":61,"column":6},"end":{"line":63,"column":null}},"type":"if","locations":[{"start":{"line":61,"column":6},"end":{"line":63,"column":null}},{"start":{"line":61,"column":6},"end":{"line":63,"column":null}}]},"7":{"loc":{"start":{"line":66,"column":6},"end":{"line":70,"column":null}},"type":"if","locations":[{"start":{"line":66,"column":6},"end":{"line":70,"column":null}},{"start":{"line":66,"column":6},"end":{"line":70,"column":null}}]},"8":{"loc":{"start":{"line":68,"column":13},"end":{"line":70,"column":null}},"type":"if","locations":[{"start":{"line":68,"column":13},"end":{"line":70,"column":null}},{"start":{"line":68,"column":13},"end":{"line":70,"column":null}}]},"9":{"loc":{"start":{"line":76,"column":6},"end":{"line":84,"column":null}},"type":"if","locations":[{"start":{"line":76,"column":6},"end":{"line":84,"column":null}},{"start":{"line":76,"column":6},"end":{"line":84,"column":null}}]},"10":{"loc":{"start":{"line":76,"column":10},"end":{"line":76,"column":51}},"type":"binary-expr","locations":[{"start":{"line":76,"column":10},"end":{"line":76,"column":51}},{"start":{"line":76,"column":55},"end":{"line":76,"column":86}}]},"11":{"loc":{"start":{"line":81,"column":11},"end":{"line":84,"column":null}},"type":"if","locations":[{"start":{"line":81,"column":11},"end":{"line":84,"column":null}},{"start":{"line":81,"column":11},"end":{"line":84,"column":null}}]},"12":{"loc":{"start":{"line":121,"column":6},"end":{"line":121,"column":null}},"type":"if","locations":[{"start":{"line":121,"column":6},"end":{"line":121,"column":null}},{"start":{"line":121,"column":6},"end":{"line":121,"column":null}}]},"13":{"loc":{"start":{"line":124,"column":52},"end":{"line":124,"column":59}},"type":"cond-expr","locations":[{"start":{"line":124,"column":52},"end":{"line":124,"column":59}},{"start":{"line":124,"column":62},"end":{"line":124,"column":71}}]},"14":{"loc":{"start":{"line":162,"column":4},"end":{"line":182,"column":null}},"type":"if","locations":[{"start":{"line":162,"column":4},"end":{"line":182,"column":null}},{"start":{"line":162,"column":4},"end":{"line":182,"column":null}}]},"15":{"loc":{"start":{"line":162,"column":8},"end":{"line":162,"column":31}},"type":"binary-expr","locations":[{"start":{"line":162,"column":8},"end":{"line":162,"column":31}},{"start":{"line":162,"column":35},"end":{"line":162,"column":72}}]},"16":{"loc":{"start":{"line":174,"column":8},"end":{"line":176,"column":null}},"type":"if","locations":[{"start":{"line":174,"column":8},"end":{"line":176,"column":null}},{"start":{"line":174,"column":8},"end":{"line":176,"column":null}}]}},"s":{"0":1,"1":1,"2":1,"3":16,"4":16,"5":3,"6":3,"7":3,"8":2,"9":2,"10":1,"11":1,"12":1,"13":1,"14":14,"15":14,"16":1,"17":13,"18":8,"19":13,"20":9,"21":4,"22":1,"23":12,"24":12,"25":1,"26":11,"27":0,"28":12,"29":2,"30":2,"31":2,"32":2,"33":2,"34":2,"35":2,"36":2,"37":2,"38":2,"39":10,"40":2,"41":2,"42":2,"43":2,"44":2,"45":2,"46":2,"47":0,"48":2,"49":2,"50":1,"51":1},"f":{"0":16,"1":3,"2":3,"3":2,"4":2,"5":1,"6":14,"7":14,"8":2,"9":2,"10":2,"11":10,"12":2,"13":0,"14":1},"b":{"0":[1,2],"1":[2,1],"2":[3,1],"3":[1,1],"4":[8],"5":[1,13],"6":[8,5],"7":[9,4],"8":[1,3],"9":[1,11],"10":[12,12],"11":[0,11],"12":[2,0],"13":[1,1],"14":[2,0],"15":[2,2],"16":[2,0]}}
,"/Users/bogdan/nodejs/bpopescu78.github.io/bp-components/src/components/bp-persistent-storage/bp-persistent-storage.tsx": {"path":"/Users/bogdan/nodejs/bpopescu78.github.io/bp-components/src/components/bp-persistent-storage/bp-persistent-storage.tsx","statementMap":{"0":{"start":{"line":1,"column":0},"end":{"line":1,"column":58}},"1":{"start":{"line":12,"column":33},"end":{"line":12,"column":null}},"2":{"start":{"line":17,"column":36},"end":{"line":17,"column":null}},"3":{"start":{"line":22,"column":38},"end":{"line":22,"column":null}},"4":{"start":{"line":163,"column":10},"end":{"line":163,"column":null}},"5":{"start":{"line":64,"column":17},"end":{"line":67,"column":null}},"6":{"start":{"line":69,"column":4},"end":{"line":95,"column":null}},"7":{"start":{"line":70,"column":6},"end":{"line":94,"column":null}},"8":{"start":{"line":73,"column":10},"end":{"line":73,"column":null}},"9":{"start":{"line":75,"column":26},"end":{"line":79,"column":12}},"10":{"start":{"line":81,"column":10},"end":{"line":81,"column":null}},"11":{"start":{"line":81,"column":38},"end":{"line":81,"column":50}},"12":{"start":{"line":82,"column":10},"end":{"line":86,"column":null}},"13":{"start":{"line":82,"column":36},"end":{"line":86,"column":12}},"14":{"start":{"line":89,"column":10},"end":{"line":93,"column":null}},"15":{"start":{"line":144,"column":4},"end":{"line":160,"column":null}},"16":{"start":{"line":145,"column":6},"end":{"line":159,"column":null}},"17":{"start":{"line":147,"column":26},"end":{"line":147,"column":46}},"18":{"start":{"line":148,"column":10},"end":{"line":148,"column":null}},"19":{"start":{"line":148,"column":38},"end":{"line":148,"column":50}},"20":{"start":{"line":149,"column":10},"end":{"line":154,"column":null}},"21":{"start":{"line":149,"column":36},"end":{"line":153,"column":null}},"22":{"start":{"line":156,"column":24},"end":{"line":159,"column":10}},"23":{"start":{"line":165,"column":4},"end":{"line":188,"column":null}},"24":{"start":{"line":166,"column":6},"end":{"line":168,"column":null}},"25":{"start":{"line":167,"column":8},"end":{"line":167,"column":null}},"26":{"start":{"line":170,"column":18},"end":{"line":170,"column":63}},"27":{"start":{"line":171,"column":6},"end":{"line":175,"column":null}},"28":{"start":{"line":172,"column":8},"end":{"line":172,"column":null}},"29":{"start":{"line":174,"column":8},"end":{"line":174,"column":null}},"30":{"start":{"line":177,"column":6},"end":{"line":180,"column":null}},"31":{"start":{"line":178,"column":28},"end":{"line":178,"column":38}},"32":{"start":{"line":179,"column":8},"end":{"line":179,"column":null}},"33":{"start":{"line":182,"column":6},"end":{"line":187,"column":null}},"34":{"start":{"line":184,"column":28},"end":{"line":184,"column":45}},"35":{"start":{"line":185,"column":8},"end":{"line":186,"column":null}},"36":{"start":{"line":196,"column":4},"end":{"line":205,"column":null}},"37":{"start":{"line":197,"column":6},"end":{"line":204,"column":10}},"38":{"start":{"line":199,"column":21},"end":{"line":199,"column":53}},"39":{"start":{"line":200,"column":10},"end":{"line":200,"column":null}},"40":{"start":{"line":203,"column":10},"end":{"line":203,"column":null}},"41":{"start":{"line":209,"column":4},"end":{"line":210,"column":null}},"42":{"start":{"line":210,"column":22},"end":{"line":210,"column":112}},"43":{"start":{"line":215,"column":4},"end":{"line":215,"column":null}},"44":{"start":{"line":3,"column":0},"end":{"line":3,"column":null}}},"fnMap":{"0":{"name":"(anonymous_0)","decl":{"start":{"line":3,"column":0},"end":{"line":3,"column":null}},"loc":{"start":{"line":3,"column":0},"end":{"line":217,"column":null}}},"1":{"name":"(anonymous_1)","decl":{"start":{"line":62,"column":2},"end":{"line":62,"column":7}},"loc":{"start":{"line":62,"column":41},"end":{"line":96,"column":3}}},"2":{"name":"(anonymous_2)","decl":{"start":{"line":69,"column":23},"end":{"line":69,"column":24}},"loc":{"start":{"line":69,"column":43},"end":{"line":95,"column":5}}},"3":{"name":"(anonymous_3)","decl":{"start":{"line":71,"column":14},"end":{"line":71,"column":25}},"loc":{"start":{"line":71,"column":28},"end":{"line":87,"column":9}}},"4":{"name":"(anonymous_4)","decl":{"start":{"line":81,"column":28},"end":{"line":81,"column":33}},"loc":{"start":{"line":81,"column":36},"end":{"line":81,"column":50}}},"5":{"name":"(anonymous_5)","decl":{"start":{"line":82,"column":30},"end":{"line":82,"column":33}},"loc":{"start":{"line":82,"column":36},"end":{"line":86,"column":12}}},"6":{"name":"(anonymous_6)","decl":{"start":{"line":88,"column":15},"end":{"line":88,"column":20}},"loc":{"start":{"line":88,"column":23},"end":{"line":94,"column":9}}},"7":{"name":"(anonymous_7)","decl":{"start":{"line":143,"column":2},"end":{"line":143,"column":7}},"loc":{"start":{"line":143,"column":26},"end":{"line":161,"column":3}}},"8":{"name":"(anonymous_8)","decl":{"start":{"line":144,"column":23},"end":{"line":144,"column":24}},"loc":{"start":{"line":144,"column":43},"end":{"line":160,"column":5}}},"9":{"name":"(anonymous_9)","decl":{"start":{"line":146,"column":14},"end":{"line":146,"column":25}},"loc":{"start":{"line":146,"column":28},"end":{"line":155,"column":9}}},"10":{"name":"(anonymous_10)","decl":{"start":{"line":148,"column":28},"end":{"line":148,"column":33}},"loc":{"start":{"line":148,"column":36},"end":{"line":148,"column":50}}},"11":{"name":"(anonymous_11)","decl":{"start":{"line":149,"column":30},"end":{"line":149,"column":33}},"loc":{"start":{"line":149,"column":36},"end":{"line":153,"column":null}}},"12":{"name":"(anonymous_12)","decl":{"start":{"line":156,"column":15},"end":{"line":156,"column":20}},"loc":{"start":{"line":156,"column":24},"end":{"line":159,"column":10}}},"13":{"name":"(anonymous_13)","decl":{"start":{"line":164,"column":10},"end":{"line":164,"column":16}},"loc":{"start":{"line":164,"column":16},"end":{"line":189,"column":3}}},"14":{"name":"(anonymous_14)","decl":{"start":{"line":165,"column":23},"end":{"line":165,"column":24}},"loc":{"start":{"line":165,"column":97},"end":{"line":188,"column":5}}},"15":{"name":"(anonymous_15)","decl":{"start":{"line":171,"column":22},"end":{"line":171,"column":25}},"loc":{"start":{"line":171,"column":27},"end":{"line":175,"column":7}}},"16":{"name":"(anonymous_16)","decl":{"start":{"line":177,"column":20},"end":{"line":177,"column":21}},"loc":{"start":{"line":177,"column":28},"end":{"line":180,"column":7}}},"17":{"name":"(anonymous_17)","decl":{"start":{"line":182,"column":28},"end":{"line":182,"column":29}},"loc":{"start":{"line":182,"column":36},"end":{"line":187,"column":7}}},"18":{"name":"(anonymous_18)","decl":{"start":{"line":195,"column":10},"end":{"line":195,"column":24}},"loc":{"start":{"line":195,"column":41},"end":{"line":206,"column":3}}},"19":{"name":"(anonymous_19)","decl":{"start":{"line":196,"column":23},"end":{"line":196,"column":24}},"loc":{"start":{"line":197,"column":6},"end":{"line":204,"column":10}}},"20":{"name":"(anonymous_20)","decl":{"start":{"line":198,"column":14},"end":{"line":198,"column":16}},"loc":{"start":{"line":198,"column":19},"end":{"line":201,"column":9}}},"21":{"name":"(anonymous_21)","decl":{"start":{"line":202,"column":15},"end":{"line":202,"column":20}},"loc":{"start":{"line":202,"column":23},"end":{"line":204,"column":9}}},"22":{"name":"(anonymous_22)","decl":{"start":{"line":208,"column":2},"end":{"line":208,"column":19}},"loc":{"start":{"line":208,"column":19},"end":{"line":211,"column":3}}},"23":{"name":"(anonymous_23)","decl":{"start":{"line":210,"column":13},"end":{"line":210,"column":18}},"loc":{"start":{"line":210,"column":22},"end":{"line":210,"column":112}}},"24":{"name":"(anonymous_24)","decl":{"start":{"line":213,"column":2},"end":{"line":213,"column":8}},"loc":{"start":{"line":213,"column":8},"end":{"line":216,"column":3}}}},"branchMap":{"0":{"loc":{"start":{"line":166,"column":6},"end":{"line":168,"column":null}},"type":"if","locations":[{"start":{"line":166,"column":6},"end":{"line":168,"column":null}},{"start":{"line":166,"column":6},"end":{"line":168,"column":null}}]}},"s":{"0":1,"1":1,"2":1,"3":1,"4":1,"5":0,"6":0,"7":0,"8":0,"9":0,"10":0,"11":0,"12":0,"13":0,"14":0,"15":0,"16":0,"17":0,"18":0,"19":0,"20":0,"21":0,"22":0,"23":1,"24":1,"25":0,"26":1,"27":0,"28":0,"29":0,"30":0,"31":0,"32":0,"33":0,"34":0,"35":0,"36":0,"37":0,"38":0,"39":0,"40":0,"41":1,"42":1,"43":1,"44":1},"f":{"0":1,"1":0,"2":0,"3":0,"4":0,"5":0,"6":0,"7":0,"8":0,"9":0,"10":0,"11":0,"12":0,"13":1,"14":1,"15":0,"16":0,"17":0,"18":0,"19":0,"20":0,"21":0,"22":1,"23":1,"24":1},"b":{"0":[0,1]}}
,"/Users/bogdan/nodejs/bpopescu78.github.io/bp-components/src/utils/utils.ts": {"path":"/Users/bogdan/nodejs/bpopescu78.github.io/bp-components/src/utils/utils.ts","statementMap":{"0":{"start":{"line":2,"column":2},"end":{"line":2,"column":81}},"1":{"start":{"line":1,"column":0},"end":{"line":1,"column":16}}},"fnMap":{"0":{"name":"format","decl":{"start":{"line":1,"column":16},"end":{"line":1,"column":22}},"loc":{"start":{"line":1,"column":66},"end":{"line":3,"column":1}}}},"branchMap":{"0":{"loc":{"start":{"line":2,"column":10},"end":{"line":2,"column":15}},"type":"binary-expr","locations":[{"start":{"line":2,"column":10},"end":{"line":2,"column":15}},{"start":{"line":2,"column":19},"end":{"line":2,"column":21}}]},"1":{"loc":{"start":{"line":2,"column":35},"end":{"line":2,"column":47}},"type":"cond-expr","locations":[{"start":{"line":2,"column":35},"end":{"line":2,"column":47}},{"start":{"line":2,"column":50},"end":{"line":2,"column":52}}]},"2":{"loc":{"start":{"line":2,"column":64},"end":{"line":2,"column":74}},"type":"cond-expr","locations":[{"start":{"line":2,"column":64},"end":{"line":2,"column":74}},{"start":{"line":2,"column":77},"end":{"line":2,"column":79}}]}},"s":{"0":4,"1":1},"f":{"0":4},"b":{"0":[4,1],"1":[1,3],"2":[2,2]}}
}
