TN:
SF:src/components/bp-message-broker/bp-message-broker.tsx
FN:6,(anonymous_0)
FN:18,(anonymous_1)
FN:19,(anonymous_2)
FN:33,(anonymous_3)
FN:34,(anonymous_4)
FN:40,(anonymous_5)
FN:53,(anonymous_6)
FN:54,(anonymous_7)
FN:118,(anonymous_8)
FN:119,(anonymous_9)
FN:125,(anonymous_10)
FN:149,(anonymous_11)
FN:161,(anonymous_12)
FN:175,(anonymous_13)
FN:185,(anonymous_14)
FNF:15
FNH:14
FNDA:16,(anonymous_0)
FNDA:3,(anonymous_1)
FNDA:3,(anonymous_2)
FNDA:2,(anonymous_3)
FNDA:2,(anonymous_4)
FNDA:1,(anonymous_5)
FNDA:14,(anonymous_6)
FNDA:14,(anonymous_7)
FNDA:2,(anonymous_8)
FNDA:2,(anonymous_9)
FNDA:2,(anonymous_10)
FNDA:10,(anonymous_11)
FNDA:2,(anonymous_12)
FNDA:0,(anonymous_13)
FNDA:1,(anonymous_14)
DA:1,1
DA:3,1
DA:4,1
DA:6,1
DA:19,3
DA:20,3
DA:21,3
DA:34,2
DA:36,2
DA:37,1
DA:40,1
DA:41,1
DA:54,14
DA:56,14
DA:57,1
DA:61,13
DA:62,8
DA:66,13
DA:67,9
DA:68,4
DA:69,1
DA:73,12
DA:76,12
DA:78,1
DA:81,11
DA:83,0
DA:86,12
DA:119,2
DA:121,2
DA:124,2
DA:125,2
DA:126,2
DA:133,2
DA:136,2
DA:137,2
DA:139,2
DA:143,16
DA:144,16
DA:150,10
DA:162,2
DA:165,2
DA:168,2
DA:170,2
DA:172,2
DA:174,2
DA:175,2
DA:179,2
DA:181,2
DA:187,1
LF:49
LH:48
BRDA:20,0,0,1
BRDA:20,0,1,2
BRDA:23,1,0,2
BRDA:23,1,1,1
BRDA:22,2,0,3
BRDA:22,2,1,1
BRDA:36,3,0,1
BRDA:36,3,1,1
BRDA:53,4,0,8
BRDA:56,5,0,1
BRDA:56,5,1,13
BRDA:61,6,0,8
BRDA:61,6,1,5
BRDA:66,7,0,9
BRDA:66,7,1,4
BRDA:68,8,0,1
BRDA:68,8,1,3
BRDA:76,9,0,1
BRDA:76,9,1,11
BRDA:76,10,0,12
BRDA:76,10,1,12
BRDA:81,11,0,0
BRDA:81,11,1,11
BRDA:121,12,0,2
BRDA:121,12,1,0
BRDA:124,13,0,1
BRDA:124,13,1,1
BRDA:162,14,0,2
BRDA:162,14,1,0
BRDA:162,15,0,2
BRDA:162,15,1,2
BRDA:174,16,0,2
BRDA:174,16,1,0
BRF:33
BRH:29
end_of_record
TN:
SF:src/components/bp-persistent-storage/bp-persistent-storage.tsx
FN:3,(anonymous_0)
FN:62,(anonymous_1)
FN:69,(anonymous_2)
FN:71,(anonymous_3)
FN:81,(anonymous_4)
FN:82,(anonymous_5)
FN:88,(anonymous_6)
FN:143,(anonymous_7)
FN:144,(anonymous_8)
FN:146,(anonymous_9)
FN:148,(anonymous_10)
FN:149,(anonymous_11)
FN:156,(anonymous_12)
FN:164,(anonymous_13)
FN:165,(anonymous_14)
FN:171,(anonymous_15)
FN:177,(anonymous_16)
FN:182,(anonymous_17)
FN:195,(anonymous_18)
FN:196,(anonymous_19)
FN:198,(anonymous_20)
FN:202,(anonymous_21)
FN:208,(anonymous_22)
FN:210,(anonymous_23)
FN:213,(anonymous_24)
FNF:25
FNH:6
FNDA:1,(anonymous_0)
FNDA:0,(anonymous_1)
FNDA:0,(anonymous_2)
FNDA:0,(anonymous_3)
FNDA:0,(anonymous_4)
FNDA:0,(anonymous_5)
FNDA:0,(anonymous_6)
FNDA:0,(anonymous_7)
FNDA:0,(anonymous_8)
FNDA:0,(anonymous_9)
FNDA:0,(anonymous_10)
FNDA:0,(anonymous_11)
FNDA:0,(anonymous_12)
FNDA:1,(anonymous_13)
FNDA:1,(anonymous_14)
FNDA:0,(anonymous_15)
FNDA:0,(anonymous_16)
FNDA:0,(anonymous_17)
FNDA:0,(anonymous_18)
FNDA:0,(anonymous_19)
FNDA:0,(anonymous_20)
FNDA:0,(anonymous_21)
FNDA:1,(anonymous_22)
FNDA:1,(anonymous_23)
FNDA:1,(anonymous_24)
DA:1,1
DA:3,1
DA:12,1
DA:17,1
DA:22,1
DA:64,0
DA:69,0
DA:70,0
DA:73,0
DA:75,0
DA:81,0
DA:82,0
DA:89,0
DA:144,0
DA:145,0
DA:147,0
DA:148,0
DA:149,0
DA:156,0
DA:163,1
DA:165,1
DA:166,1
DA:167,0
DA:170,1
DA:171,0
DA:172,0
DA:174,0
DA:177,0
DA:178,0
DA:179,0
DA:182,0
DA:184,0
DA:185,0
DA:196,0
DA:197,0
DA:199,0
DA:200,0
DA:203,0
DA:209,1
DA:210,1
DA:215,1
LF:41
LH:12
BRDA:166,0,0,0
BRDA:166,0,1,1
BRF:2
BRH:1
end_of_record
TN:
SF:src/utils/utils.ts
FN:1,format
FNF:1
FNH:1
FNDA:4,format
DA:1,1
DA:2,4
LF:2
LH:2
BRDA:2,0,0,4
BRDA:2,0,1,1
BRDA:2,1,0,1
BRDA:2,1,1,3
BRDA:2,2,0,2
BRDA:2,2,1,2
BRF:6
BRH:6
end_of_record
